<?xml version="1.0" encoding="UTF-8"?>
<testsuite name="co.edu.unal.paralela.StudentAnalyticsTest" time="2.753" tests="6" errors="0" skipped="0" failures="0">
  <properties>
[...]
</properties>
  <testcase name="testAverageAgeOfEnrolledStudents" classname="co.edu.unal.paralela.StudentAnalyticsTest" time="0.279"/>
  <testcase name="testAverageAgeOfEnrolledStudentsPerf" classname="co.edu.unal.paralela.StudentAnalyticsTest" time="0.376"/>
  <testcase name="testMostCommonFirstNameOfInactiveStudents" classname="co.edu.unal.paralela.StudentAnalyticsTest" time="0.4"/>
  <testcase name="testCountNumberOfFailedStudentsOlderThan20" classname="co.edu.unal.paralela.StudentAnalyticsTest" time="0.175"/>
  <testcase name="testCountNumberOfFailedStudentsOlderThan20Perf" classname="co.edu.unal.paralela.StudentAnalyticsTest" time="0.293"/>
  <testcase name="testMostCommonFirstNameOfInactiveStudentsPerf" classname="co.edu.unal.paralela.StudentAnalyticsTest" time="1.23"/>
</testsuite>